2026-03-19 16:00:00 - SESSION WARNING: 21 total sessions detected (>20 threshold)
Details: 21 orphaned files, 0 registry entries, 0 active cron sessions
Potential cleanup: 1299KB space can be recovered
Status: Warning logged, no immediate alert needed2026-03-19 22:00:36 - Session warning: 23 total sessions detected (>20 threshold), 0 cron sessions, 23 orphaned files
2026-03-20T00:00:24+00:00: WARNING - 26 sessions detected (threshold: >20). All orphaned files, no active cron sessions.
2026-03-20 02:00:31 - WARNING: 28 session files found (all orphaned, 0 active cron/regular sessions)
Fri Mar 20 04:00:41 UTC 2026: SESSION ALERT: 31 sessions detected (>30 threshold). WhatsApp alert failed - target format issue. All orphaned files with no registry entries.
Fri Mar 20 06:02:03 UTC 2026: 36 orphaned session files detected - above warning threshold of 20
2026-03-20 20:00:24 - WARNING: 21 sessions detected (>20 threshold), all orphaned files
Fri Mar 20 22:00:28 UTC 2026: Session count at 23 (>20 threshold) - 23 orphaned files detected, 931KB cleanup opportunity
2026-03-21 00:00:40 - WARNING: 25 session files detected (>20 threshold). 25 orphaned files ready for cleanup.
Sat Mar 21 02:00:31 UTC 2026: Warning - 27 sessions detected (>20 threshold). All are orphaned files with no active registry entries. Potential cleanup opportunity: 1219 KB.
2026-03-21 04:00:31: Session warning - 30 total sessions detected (30 orphaned files, 0 active)
Sat Mar 21 06:01:54 UTC 2026: Session health warning - 35 orphaned session files detected (>20 threshold)
2026-03-21 20:00:25 - WARNING: 21 sessions found (>20 threshold). All are orphaned files with no registry entries. Potential cleanup: 811 KB
2026-03-21 22:00:27 - Session warning: 23 total sessions detected (>20 threshold). All appear to be orphaned files without registry entries.
Sun Mar 22 00:00:29 UTC 2026: WARNING - 25 sessions detected (>20 threshold). All orphaned files, no active cron sessions.
Sun Mar 22 02:00:25 UTC 2026: Session warning - 27 sessions detected (>20 threshold). All orphaned files, no active cron sessions.
Sun Mar 22 04:00:30 UTC 2026: Session count at 30 (warning threshold >20) - all orphaned files, 0 active sessions
Sun Mar 22 06:02:34 UTC 2026: WARNING - 36 session files detected (>20 threshold). All orphaned files, no active sessions. Space: 1347KB
Sun Mar 22 20:00:24 UTC 2026: Session count at 21 (warning threshold >20) - all orphaned files, no active sessions
Sun Mar 22 22:00:28 UTC 2026: WARNING: 23 sessions detected (>20 threshold)
Mon Mar 23 00:00:27 UTC 2026: WARNING - 25 session files detected (>20 threshold). All are orphaned files with no registry entries. Cleanup recommended.
2026-03-23 02:00:27 - WARNING: 28 sessions detected (>20 threshold). 0 cron sessions, 28 orphaned files.
Mon Mar 23 06:01:39 UTC 2026: CRITICAL - 35 session files detected (>30 threshold). All orphaned files with no registry entries. Space: 1.38 MB
2026-03-23 20:00:27 - WARNING: 22 sessions detected (threshold: >20). All appear to be orphaned files with no active registry entries.
Mon Mar 23 22:00:26 UTC 2026: Session count warning - 24 total sessions detected (all orphaned files, 0 active). Above 20 session threshold.
Tue Mar 24 00:00:29 UTC 2026: Session warning - 26 total sessions detected (26 orphaned files). Consider cleanup.
2026-03-24 02:00:32 - WARNING: 27 total sessions detected (>20 threshold). All orphaned files with no registry entries.
Tue Mar 24 04:00:30 UTC 2026: Session count at 29 (warning threshold: >20). All orphaned files, no active sessions.
Wed Mar 25 06:02:05 UTC 2026: WARNING - 24 sessions detected (threshold >20)
