💙 Welly Monitor starting...
   Monitoring Kelly's patterns in the background
   Preserving existing manual check-in system
   Press Ctrl+C to stop
💙 Welly Monitor stopped gracefully
💙 Welly Monitor starting...
   Monitoring Kelly's patterns in the background
   Preserving existing manual check-in system
   Press Ctrl+C to stop
💙 Welly Monitor stopped gracefully
💙 Welly Monitor starting...
   Monitoring Kelly's patterns in the background
   Preserving existing manual check-in system
   Press Ctrl+C to stop
💙 Welly Monitor stopped gracefully
💙 Welly Monitor starting...
   Monitoring Kelly's patterns in the background
   Preserving existing manual check-in system
   Press Ctrl+C to stop
💙 Welly Monitor stopped gracefully
