2026-03-17 00:10:07,176 - INFO - Welly daemon started (PID: 4850)
2026-03-17 00:10:07,186 - INFO - Welly Monitor starting - always-on pattern detection
2026-03-17 03:31:45,922 - INFO - Welly daemon started (PID: 5046)
2026-03-17 03:31:45,934 - INFO - Welly Monitor starting - always-on pattern detection
2026-03-17 03:31:45,940 - INFO - Polling Oura for new data...
2026-03-17 03:31:47,822 - INFO - Ingested Oura readiness data for 2026-03-16
2026-03-17 03:31:47,822 - INFO - Polling Strava for new activities...
2026-03-17 03:31:47,861 - INFO - New data found: ['oura']
2026-03-17 06:31:57,780 - INFO - Polling Strava for new activities...
2026-03-17 15:00:33,294 - INFO - Welly daemon started (PID: 5779)
2026-03-17 15:00:33,318 - INFO - Welly Monitor starting - always-on pattern detection
2026-03-17 15:00:33,320 - INFO - Polling Oura for new data...
2026-03-17 15:00:34,150 - INFO - Polling Strava for new activities...
2026-03-17 18:00:44,018 - INFO - Polling Strava for new activities...
2026-03-17 23:00:27,223 - INFO - Welly daemon started (PID: 5037)
2026-03-17 23:00:27,245 - INFO - Welly Monitor starting - always-on pattern detection
2026-03-17 23:00:27,247 - INFO - Polling Oura for new data...
2026-03-17 23:00:28,183 - INFO - Polling Strava for new activities...
2026-03-17 23:30:26,243 - INFO - Received signal 15, shutting down gracefully...
2026-03-17 23:30:26,343 - INFO - Received signal 15, shutting down gracefully...
2026-03-17 23:30:26,443 - INFO - Received signal 15, shutting down gracefully...
2026-03-17 23:30:26,543 - INFO - Received signal 15, shutting down gracefully...
2026-03-17 23:30:26,644 - INFO - Received signal 15, shutting down gracefully...
2026-03-17 23:30:26,744 - INFO - Received signal 15, shutting down gracefully...
2026-03-17 23:30:26,844 - INFO - Received signal 15, shutting down gracefully...
2026-03-17 23:30:26,859 - INFO - Welly Monitor stopped
Welly daemon started (PID: 5037)
💙 Welly Monitor starting...
   Monitoring Kelly's patterns in the background
   Preserving existing manual check-in system
   Press Ctrl+C to stop
💙 Welly Monitor stopped gracefully
2026-03-17 23:30:26,998 - INFO - Welly daemon started (PID: 5230)
2026-03-17 23:30:27,008 - INFO - Welly Monitor starting - always-on pattern detection
2026-03-18 01:00:33,948 - INFO - Received signal 15, shutting down gracefully...
2026-03-18 01:00:33,973 - INFO - Welly Monitor stopped
Welly daemon started (PID: 5230)
💙 Welly Monitor starting...
   Monitoring Kelly's patterns in the background
   Preserving existing manual check-in system
   Press Ctrl+C to stop
💙 Welly Monitor stopped gracefully
2026-03-18 01:00:34,104 - INFO - Welly daemon started (PID: 5676)
2026-03-18 01:00:34,114 - INFO - Welly Monitor starting - always-on pattern detection
2026-03-18 01:30:23,704 - INFO - Received signal 15, shutting down gracefully...
2026-03-18 01:30:23,744 - INFO - Welly Monitor stopped
Welly daemon started (PID: 5676)
💙 Welly Monitor starting...
   Monitoring Kelly's patterns in the background
   Preserving existing manual check-in system
   Press Ctrl+C to stop
💙 Welly Monitor stopped gracefully
2026-03-18 01:30:23,863 - INFO - Welly daemon started (PID: 5837)
2026-03-18 01:30:23,875 - INFO - Welly Monitor starting - always-on pattern detection
2026-03-18 02:01:03,660 - INFO - Received signal 15, shutting down gracefully...
2026-03-18 02:01:03,760 - INFO - Received signal 15, shutting down gracefully...
2026-03-18 02:01:03,860 - INFO - Received signal 15, shutting down gracefully...
2026-03-18 02:01:03,960 - INFO - Received signal 15, shutting down gracefully...
2026-03-18 02:01:04,060 - INFO - Received signal 15, shutting down gracefully...
2026-03-18 02:01:04,161 - INFO - Received signal 15, shutting down gracefully...
2026-03-18 02:01:04,261 - INFO - Received signal 15, shutting down gracefully...
2026-03-18 02:01:04,361 - INFO - Received signal 15, shutting down gracefully...
2026-03-18 02:01:04,461 - INFO - Received signal 15, shutting down gracefully...
2026-03-18 02:01:04,533 - INFO - Welly Monitor stopped
Welly daemon started (PID: 5837)
💙 Welly Monitor starting...
   Monitoring Kelly's patterns in the background
   Preserving existing manual check-in system
   Press Ctrl+C to stop
💙 Welly Monitor stopped gracefully
2026-03-18 02:01:04,611 - INFO - Welly daemon started (PID: 6012)
2026-03-18 02:01:04,620 - INFO - Welly Monitor starting - always-on pattern detection
2026-03-18 02:01:04,620 - INFO - Polling Strava for new activities...
2026-03-18 05:01:14,439 - INFO - Polling Oura for new data...
2026-03-18 05:01:16,087 - INFO - Ingested Oura readiness data for 2026-03-17
2026-03-18 05:01:16,087 - INFO - Polling Strava for new activities...
2026-03-18 05:01:16,122 - INFO - New data found: ['oura']
2026-03-18 16:39:36,702 - INFO - Welly daemon started (PID: 5062)
2026-03-18 16:39:36,748 - INFO - Welly Monitor starting - always-on pattern detection
2026-03-18 16:39:36,748 - INFO - Polling Oura for new data...
2026-03-18 16:39:37,498 - INFO - Polling Strava for new activities...
2026-03-18 17:39:36,490 - INFO - Received signal 15, shutting down gracefully...
2026-03-18 17:39:36,591 - INFO - Received signal 15, shutting down gracefully...
2026-03-18 17:39:36,691 - INFO - Received signal 15, shutting down gracefully...
2026-03-18 17:39:36,791 - INFO - Received signal 15, shutting down gracefully...
2026-03-18 17:39:36,853 - INFO - Welly Monitor stopped
Welly daemon started (PID: 5062)
💙 Welly Monitor starting...
   Monitoring Kelly's patterns in the background
   Preserving existing manual check-in system
   Press Ctrl+C to stop
💙 Welly Monitor stopped gracefully
2026-03-18 17:39:36,938 - INFO - Welly daemon started (PID: 5459)
2026-03-18 17:39:36,955 - INFO - Welly Monitor starting - always-on pattern detection
2026-03-18 23:24:56,884 - INFO - Welly daemon started (PID: 4495)
2026-03-18 23:24:56,904 - INFO - Welly Monitor starting - always-on pattern detection
2026-03-18 23:24:56,905 - INFO - Polling Oura for new data...
2026-03-18 23:24:57,682 - INFO - Polling Strava for new activities...
