2026-03-16 01:30:11,988 - INFO - Welly Monitor starting - always-on pattern detection
2026-03-16 04:30:21,724 - INFO - Polling Strava for new activities...
2026-03-16 07:30:31,582 - INFO - Polling Oura for new data...
2026-03-16 07:30:32,378 - INFO - Polling Strava for new activities...
2026-03-16 08:34:29,435 - INFO - Welly Monitor starting - always-on pattern detection
2026-03-16 10:34:35,920 - INFO - Polling Strava for new activities...
2026-03-16 12:34:17,204 - INFO - Welly Monitor starting - always-on pattern detection
2026-03-16 14:50:35,662 - INFO - Welly Monitor starting - always-on pattern detection
2026-03-16 14:50:35,665 - INFO - Polling Oura for new data...
2026-03-16 14:50:36,790 - INFO - Polling Strava for new activities...
2026-03-16 18:00:59,123 - INFO - Welly Monitor starting - always-on pattern detection
2026-03-16 18:00:59,126 - INFO - Polling Strava for new activities...
2026-03-16 21:00:14,456 - INFO - Welly Monitor starting - always-on pattern detection
2026-03-16 21:24:36,481 - INFO - Received signal 15, shutting down gracefully...
2026-03-16 21:24:36,773 - INFO - Welly Monitor stopped
2026-03-16 21:24:44,571 - INFO - Welly Monitor starting - always-on pattern detection
2026-03-16 21:30:28,851 - INFO - Welly Monitor starting - always-on pattern detection
2026-03-16 22:00:45,070 - INFO - Welly Monitor starting - always-on pattern detection
2026-03-16 22:01:18,770 - INFO - Received signal 15, shutting down gracefully...
2026-03-16 22:01:19,108 - INFO - Welly Monitor stopped
2026-03-16 22:01:26,864 - INFO - Welly Monitor starting - always-on pattern detection
2026-03-16 22:26:27,329 - INFO - Received signal 15, shutting down gracefully...
2026-03-16 22:26:28,204 - INFO - Welly Monitor stopped
2026-03-16 22:26:30,368 - INFO - Welly Monitor starting - always-on pattern detection
2026-03-16 22:30:18,260 - INFO - Welly Monitor starting - always-on pattern detection
2026-03-16 22:50:46,440 - INFO - Received signal 15, shutting down gracefully...
2026-03-16 22:50:46,440 - INFO - Received signal 15, shutting down gracefully...
2026-03-16 22:50:46,704 - INFO - Welly Monitor stopped
2026-03-16 22:50:47,365 - INFO - Welly Monitor stopped
2026-03-16 23:00:34,510 - INFO - Welly Monitor starting - always-on pattern detection
2026-03-16 23:03:45,688 - INFO - Received signal 15, shutting down gracefully...
2026-03-16 23:03:46,685 - INFO - Welly Monitor stopped
2026-03-16 23:03:52,237 - INFO - Enhanced Welly Monitor starting - always-on with self-healing
2026-03-16 23:04:22,089 - INFO - Welly Monitor starting - always-on pattern detection
2026-03-16 23:30:22,083 - INFO - Welly Monitor starting - always-on pattern detection
2026-03-17 00:05:54,739 - INFO - Welly Monitor starting - always-on pattern detection
